# JRE version: OpenJDK Runtime Environment Temurin-17.0.10+7 (17.0.10+7) (build 17.0.10+7)
# Java VM: OpenJDK 64-Bit Server VM Temurin-17.0.10+7 (17.0.10+7, mixed mode, emulated-client, tiered, compressed oops, compressed class ptrs, g1 gc, windows-amd64)
GC Precious Log:
 CPUs: 8 total, 8 available
 Memory: 15761M
 Large Page Support: Disabled
 NUMA Support: Disabled
 Compressed Oops: Enabled (32-bit)
 Heap Region Size: 1M
 Heap Min Capacity: 8M
 Heap Initial Capacity: 248M
 Heap Max Capacity: 1G
 Pre-touch: Disabled
 Parallel Workers: 8
 Concurrent Workers: 2
 Concurrent Refinement Workers: 8
 Periodic GC: Disabled
Heap:
 garbage-first heap   total 97280K, used 32321K [0x00000000c0000000, 0x0000000100000000)
  region size 1024K, 1 young (1024K), 0 survivors (0K)
 Metaspace       used 61684K, committed 62272K, reserved 1114112K
  class space    used 7768K, committed 8000K, reserved 1048576K
GC Heap History (20 events):
Event: 16029.791 GC heap before
{Heap before GC invocations=993 (full 780):
 garbage-first heap   total 97280K, used 32334K [0x00000000c0000000, 0x0000000100000000)
  region size 1024K, 1 young (1024K), 0 survivors (0K)
 Metaspace       used 61694K, committed 62272K, reserved 1114112K
  class space    used 7769K, committed 8000K, reserved 1048576K
}
Event: 16029.904 GC heap after
{Heap after GC invocations=994 (full 781):
 garbage-first heap   total 97280K, used 32334K [0x00000000c0000000, 0x0000000100000000)
  region size 1024K, 0 young (0K), 0 survivors (0K)
 Metaspace       used 61694K, committed 62272K, reserved 1114112K
  class space    used 7769K, committed 8000K, reserved 1048576K
}
Event: 16040.278 GC heap before
{Heap before GC invocations=994 (full 781):
 garbage-first heap   total 97280K, used 32334K [0x00000000c0000000, 0x0000000100000000)
  region size 1024K, 1 young (1024K), 0 survivors (0K)
 Metaspace       used 61694K, committed 62272K, reserved 1114112K
  class space    used 7769K, committed 8000K, reserved 1048576K
}
Event: 16040.370 GC heap after
{Heap after GC invocations=995 (full 782):
 garbage-first heap   total 97280K, used 32334K [0x00000000c0000000, 0x0000000100000000)
  region size 1024K, 0 young (0K), 0 survivors (0K)
 Metaspace       used 61694K, committed 62272K, reserved 1114112K
  class space    used 7769K, committed 8000K, reserved 1048576K
}
Event: 16050.759 GC heap before
{Heap before GC invocations=995 (full 782):
 garbage-first heap   total 97280K, used 32334K [0x00000000c0000000, 0x0000000100000000)
  region size 1024K, 1 young (1024K), 0 survivors (0K)
 Metaspace       used 61694K, committed 62272K, reserved 1114112K
  class space    used 7769K, committed 8000K, reserved 1048576K
}
Event: 16050.848 GC heap after
{Heap after GC invocations=996 (full 783):
 garbage-first heap   total 97280K, used 32334K [0x00000000c0000000, 0x0000000100000000)
  region size 1024K, 0 young (0K), 0 survivors (0K)
 Metaspace       used 61694K, committed 62272K, reserved 1114112K
  class space    used 7769K, committed 8000K, reserved 1048576K
}
Event: 16061.270 GC heap before
{Heap before GC invocations=996 (full 783):
 garbage-first heap   total 97280K, used 32334K [0x00000000c0000000, 0x0000000100000000)
  region size 1024K, 1 young (1024K), 0 survivors (0K)
 Metaspace       used 61694K, committed 62272K, reserved 1114112K
  class space    used 7769K, committed 8000K, reserved 1048576K
}
Event: 16061.366 GC heap after
{Heap after GC invocations=997 (full 784):
 garbage-first heap   total 97280K, used 32334K [0x00000000c0000000, 0x0000000100000000)
  region size 1024K, 0 young (0K), 0 survivors (0K)
 Metaspace       used 61694K, committed 62272K, reserved 1114112K
  class space    used 7769K, committed 8000K, reserved 1048576K
}
Event: 16071.738 GC heap before
{Heap before GC invocations=997 (full 784):
 garbage-first heap   total 97280K, used 32334K [0x00000000c0000000, 0x0000000100000000)
  region size 1024K, 1 young (1024K), 0 survivors (0K)
 Metaspace       used 61694K, committed 62272K, reserved 1114112K
  class space    used 7769K, committed 8000K, reserved 1048576K
}
Event: 16071.839 GC heap after
{Heap after GC invocations=998 (full 785):
 garbage-first heap   total 97280K, used 32334K [0x00000000c0000000, 0x0000000100000000)
  region size 1024K, 0 young (0K), 0 survivors (0K)
 Metaspace       used 61694K, committed 62272K, reserved 1114112K
  class space    used 7769K, committed 8000K, reserved 1048576K
}
Event: 16082.236 GC heap before
{Heap before GC invocations=998 (full 785):
 garbage-first heap   total 97280K, used 32334K [0x00000000c0000000, 0x0000000100000000)
  region size 1024K, 1 young (1024K), 0 survivors (0K)
 Metaspace       used 61694K, committed 62272K, reserved 1114112K
  class space    used 7769K, committed 8000K, reserved 1048576K
}
Event: 16082.336 GC heap after
{Heap after GC invocations=999 (full 786):
 garbage-first heap   total 97280K, used 32321K [0x00000000c0000000, 0x0000000100000000)
  region size 1024K, 0 young (0K), 0 survivors (0K)
 Metaspace       used 61684K, committed 62272K, reserved 1114112K
  class space    used 7768K, committed 8000K, reserved 1048576K
}
Event: 16092.718 GC heap before
{Heap before GC invocations=999 (full 786):
 garbage-first heap   total 97280K, used 32321K [0x00000000c0000000, 0x0000000100000000)
  region size 1024K, 1 young (1024K), 0 survivors (0K)
 Metaspace       used 61684K, committed 62272K, reserved 1114112K
  class space    used 7768K, committed 8000K, reserved 1048576K
}
Event: 16092.808 GC heap after
{Heap after GC invocations=1000 (full 787):
 garbage-first heap   total 97280K, used 32321K [0x00000000c0000000, 0x0000000100000000)
  region size 1024K, 0 young (0K), 0 survivors (0K)
 Metaspace       used 61684K, committed 62272K, reserved 1114112K
  class space    used 7768K, committed 8000K, reserved 1048576K
}
Event: 16103.161 GC heap before
{Heap before GC invocations=1000 (full 787):
 garbage-first heap   total 97280K, used 32321K [0x00000000c0000000, 0x0000000100000000)
  region size 1024K, 1 young (1024K), 0 survivors (0K)
 Metaspace       used 61684K, committed 62272K, reserved 1114112K
  class space    used 7768K, committed 8000K, reserved 1048576K
}
Event: 16103.265 GC heap after
{Heap after GC invocations=1001 (full 788):
 garbage-first heap   total 97280K, used 32321K [0x00000000c0000000, 0x0000000100000000)
  region size 1024K, 0 young (0K), 0 survivors (0K)
 Metaspace       used 61684K, committed 62272K, reserved 1114112K
  class space    used 7768K, committed 8000K, reserved 1048576K
}
Event: 16113.662 GC heap before
{Heap before GC invocations=1001 (full 788):
 garbage-first heap   total 97280K, used 32321K [0x00000000c0000000, 0x0000000100000000)
  region size 1024K, 1 young (1024K), 0 survivors (0K)
 Metaspace       used 61684K, committed 62272K, reserved 1114112K
  class space    used 7768K, committed 8000K, reserved 1048576K
}
Event: 16113.757 GC heap after
{Heap after GC invocations=1002 (full 789):
 garbage-first heap   total 97280K, used 32321K [0x00000000c0000000, 0x0000000100000000)
  region size 1024K, 0 young (0K), 0 survivors (0K)
 Metaspace       used 61684K, committed 62272K, reserved 1114112K
  class space    used 7768K, committed 8000K, reserved 1048576K
}
Event: 16124.501 GC heap before
{Heap before GC invocations=1002 (full 789):
 garbage-first heap   total 97280K, used 32321K [0x00000000c0000000, 0x0000000100000000)
  region size 1024K, 1 young (1024K), 0 survivors (0K)
 Metaspace       used 61684K, committed 62272K, reserved 1114112K
  class space    used 7768K, committed 8000K, reserved 1048576K
}
Event: 16124.572 GC heap after
{Heap after GC invocations=1003 (full 790):
 garbage-first heap   total 97280K, used 32321K [0x00000000c0000000, 0x0000000100000000)
  region size 1024K, 0 young (0K), 0 survivors (0K)
 Metaspace       used 61684K, committed 62272K, reserved 1114112K
  class space    used 7768K, committed 8000K, reserved 1048576K
}

